{"C:/Users/oumar/Desktop/Xarala cours/projet 3/application de gestion budjet/main.js": {"path":"C:/Users/oumar/Desktop/Xarala cours/projet 3/application de gestion budjet/main.js","statementMap":{"0":{"start":{"line":6,"column":13},"end":{"line":6,"column":52}},"1":{"start":{"line":11,"column":16},"end":{"line":11,"column":36}},"2":{"start":{"line":12,"column":20},"end":{"line":12,"column":65}},"3":{"start":{"line":13,"column":19},"end":{"line":13,"column":63}},"4":{"start":{"line":18,"column":19},"end":{"line":18,"column":28}},"5":{"start":{"line":19,"column":0},"end":{"line":19,"column":63}},"6":{"start":{"line":20,"column":0},"end":{"line":20,"column":61}},"7":{"start":{"line":21,"column":0},"end":{"line":21,"column":30}},"8":{"start":{"line":24,"column":0},"end":{"line":48,"column":2}},"9":{"start":{"line":25,"column":4},"end":{"line":25,"column":26}},"10":{"start":{"line":26,"column":21},"end":{"line":26,"column":47}},"11":{"start":{"line":27,"column":18},"end":{"line":27,"column":39}},"12":{"start":{"line":28,"column":20},"end":{"line":28,"column":43}},"13":{"start":{"line":30,"column":4},"end":{"line":35,"column":5}},"14":{"start":{"line":31,"column":8},"end":{"line":34,"column":9}},"15":{"start":{"line":32,"column":12},"end":{"line":32,"column":69}},"16":{"start":{"line":33,"column":12},"end":{"line":33,"column":18}},"17":{"start":{"line":37,"column":19},"end":{"line":37,"column":33}},"18":{"start":{"line":39,"column":4},"end":{"line":45,"column":5}},"19":{"start":{"line":40,"column":8},"end":{"line":40,"column":42}},"20":{"start":{"line":41,"column":11},"end":{"line":45,"column":5}},"21":{"start":{"line":42,"column":8},"end":{"line":42,"column":41}},"22":{"start":{"line":44,"column":8},"end":{"line":44,"column":35}},"23":{"start":{"line":47,"column":4},"end":{"line":47,"column":49}}},"fnMap":{"0":{"name":"(anonymous_0)","decl":{"start":{"line":24,"column":33},"end":{"line":24,"column":34}},"loc":{"start":{"line":24,"column":44},"end":{"line":48,"column":1}}}},"branchMap":{"0":{"loc":{"start":{"line":30,"column":4},"end":{"line":35,"column":5}},"type":"if","locations":[{"start":{"line":30,"column":4},"end":{"line":35,"column":5}},{"start":{"line":30,"column":4},"end":{"line":35,"column":5}}]},"1":{"loc":{"start":{"line":31,"column":8},"end":{"line":34,"column":9}},"type":"if","locations":[{"start":{"line":31,"column":8},"end":{"line":34,"column":9}},{"start":{"line":31,"column":8},"end":{"line":34,"column":9}}]},"2":{"loc":{"start":{"line":39,"column":4},"end":{"line":45,"column":5}},"type":"if","locations":[{"start":{"line":39,"column":4},"end":{"line":45,"column":5}},{"start":{"line":41,"column":11},"end":{"line":45,"column":5}}]},"3":{"loc":{"start":{"line":41,"column":11},"end":{"line":45,"column":5}},"type":"if","locations":[{"start":{"line":41,"column":11},"end":{"line":45,"column":5}},{"start":{"line":43,"column":11},"end":{"line":45,"column":5}}]}},"s":{"0":0,"1":0,"2":0,"3":0,"4":0,"5":0,"6":0,"7":0,"8":0,"9":0,"10":0,"11":0,"12":0,"13":0,"14":0,"15":0,"16":0,"17":0,"18":0,"19":0,"20":0,"21":0,"22":0,"23":0},"f":{"0":0},"b":{"0":[0,0],"1":[0,0],"2":[0,0],"3":[0,0]}}
,"C:/Users/oumar/Desktop/Xarala cours/projet 3/application de gestion budjet/js/budget.js": {"path":"C:/Users/oumar/Desktop/Xarala cours/projet 3/application de gestion budjet/js/budget.js","statementMap":{"0":{"start":{"line":5,"column":16},"end":{"line":5,"column":18}},"1":{"start":{"line":6,"column":15},"end":{"line":6,"column":17}},"2":{"start":{"line":7,"column":14},"end":{"line":7,"column":34}},"3":{"start":{"line":10,"column":27},"end":{"line":14,"column":9}},"4":{"start":{"line":16,"column":8},"end":{"line":16,"column":75}},"5":{"start":{"line":17,"column":8},"end":{"line":17,"column":39}},"6":{"start":{"line":18,"column":8},"end":{"line":18,"column":71}},"7":{"start":{"line":22,"column":26},"end":{"line":26,"column":9}},"8":{"start":{"line":28,"column":8},"end":{"line":28,"column":69}},"9":{"start":{"line":29,"column":8},"end":{"line":29,"column":37}},"10":{"start":{"line":30,"column":8},"end":{"line":30,"column":65}},"11":{"start":{"line":34,"column":8},"end":{"line":34,"column":63}},"12":{"start":{"line":38,"column":8},"end":{"line":38,"column":75}},"13":{"start":{"line":39,"column":8},"end":{"line":39,"column":75}},"14":{"start":{"line":39,"column":60},"end":{"line":39,"column":74}},"15":{"start":{"line":40,"column":8},"end":{"line":40,"column":71}},"16":{"start":{"line":44,"column":8},"end":{"line":44,"column":73}},"17":{"start":{"line":45,"column":8},"end":{"line":45,"column":73}},"18":{"start":{"line":45,"column":58},"end":{"line":45,"column":72}},"19":{"start":{"line":46,"column":8},"end":{"line":46,"column":69}},"20":{"start":{"line":50,"column":8},"end":{"line":56,"column":14}},"21":{"start":{"line":51,"column":12},"end":{"line":55,"column":13}},"22":{"start":{"line":52,"column":16},"end":{"line":52,"column":55}},"23":{"start":{"line":54,"column":16},"end":{"line":54,"column":27}},"24":{"start":{"line":60,"column":23},"end":{"line":60,"column":72}},"25":{"start":{"line":61,"column":8},"end":{"line":61,"column":75}},"26":{"start":{"line":62,"column":8},"end":{"line":62,"column":73}},"27":{"start":{"line":64,"column":29},"end":{"line":64,"column":63}},"28":{"start":{"line":65,"column":28},"end":{"line":65,"column":61}},"29":{"start":{"line":66,"column":22},"end":{"line":66,"column":59}},"30":{"start":{"line":68,"column":8},"end":{"line":72,"column":9}}},"fnMap":{"0":{"name":"(anonymous_0)","decl":{"start":{"line":9,"column":4},"end":{"line":9,"column":14}},"loc":{"start":{"line":9,"column":31},"end":{"line":19,"column":5}}},"1":{"name":"(anonymous_1)","decl":{"start":{"line":21,"column":4},"end":{"line":21,"column":15}},"loc":{"start":{"line":21,"column":32},"end":{"line":31,"column":5}}},"2":{"name":"(anonymous_2)","decl":{"start":{"line":33,"column":4},"end":{"line":33,"column":15}},"loc":{"start":{"line":33,"column":25},"end":{"line":35,"column":5}}},"3":{"name":"(anonymous_3)","decl":{"start":{"line":37,"column":4},"end":{"line":37,"column":17}},"loc":{"start":{"line":37,"column":22},"end":{"line":41,"column":5}}},"4":{"name":"(anonymous_4)","decl":{"start":{"line":39,"column":52},"end":{"line":39,"column":56}},"loc":{"start":{"line":39,"column":60},"end":{"line":39,"column":74}}},"5":{"name":"(anonymous_5)","decl":{"start":{"line":43,"column":4},"end":{"line":43,"column":17}},"loc":{"start":{"line":43,"column":22},"end":{"line":47,"column":5}}},"6":{"name":"(anonymous_6)","decl":{"start":{"line":45,"column":50},"end":{"line":45,"column":54}},"loc":{"start":{"line":45,"column":58},"end":{"line":45,"column":72}}},"7":{"name":"(anonymous_7)","decl":{"start":{"line":49,"column":4},"end":{"line":49,"column":17}},"loc":{"start":{"line":49,"column":30},"end":{"line":57,"column":5}}},"8":{"name":"(anonymous_8)","decl":{"start":{"line":50,"column":28},"end":{"line":50,"column":29}},"loc":{"start":{"line":50,"column":43},"end":{"line":56,"column":9}}},"9":{"name":"(anonymous_9)","decl":{"start":{"line":59,"column":4},"end":{"line":59,"column":22}},"loc":{"start":{"line":59,"column":25},"end":{"line":73,"column":5}}}},"branchMap":{"0":{"loc":{"start":{"line":49,"column":18},"end":{"line":49,"column":28}},"type":"default-arg","locations":[{"start":{"line":49,"column":26},"end":{"line":49,"column":28}}]},"1":{"loc":{"start":{"line":51,"column":12},"end":{"line":55,"column":13}},"type":"if","locations":[{"start":{"line":51,"column":12},"end":{"line":55,"column":13}},{"start":{"line":53,"column":19},"end":{"line":55,"column":13}}]}},"s":{"0":16,"1":16,"2":16,"3":0,"4":0,"5":0,"6":0,"7":0,"8":0,"9":0,"10":0,"11":0,"12":0,"13":0,"14":0,"15":0,"16":0,"17":0,"18":0,"19":0,"20":24,"21":35,"22":34,"23":1,"24":8,"25":8,"26":8,"27":8,"28":8,"29":8,"30":8},"f":{"0":0,"1":0,"2":0,"3":0,"4":0,"5":0,"6":0,"7":24,"8":35,"9":8},"b":{"0":[1],"1":[34,1]}}
,"C:/Users/oumar/Desktop/Xarala cours/projet 3/application de gestion budjet/js/constants.js": {"path":"C:/Users/oumar/Desktop/Xarala cours/projet 3/application de gestion budjet/js/constants.js","statementMap":{"0":{"start":{"line":1,"column":27},"end":{"line":1,"column":36}},"1":{"start":{"line":2,"column":26},"end":{"line":2,"column":34}},"2":{"start":{"line":3,"column":26},"end":{"line":3,"column":34}}},"fnMap":{},"branchMap":{},"s":{"0":3,"1":3,"2":3},"f":{},"b":{}}
,"C:/Users/oumar/Desktop/Xarala cours/projet 3/application de gestion budjet/js/dom.js": {"path":"C:/Users/oumar/Desktop/Xarala cours/projet 3/application de gestion budjet/js/dom.js","statementMap":{"0":{"start":{"line":7,"column":25},"end":{"line":7,"column":49}},"1":{"start":{"line":9,"column":8},"end":{"line":9,"column":34}},"2":{"start":{"line":9,"column":28},"end":{"line":9,"column":34}},"3":{"start":{"line":10,"column":8},"end":{"line":10,"column":27}},"4":{"start":{"line":10,"column":21},"end":{"line":10,"column":27}},"5":{"start":{"line":12,"column":8},"end":{"line":40,"column":9}},"6":{"start":{"line":14,"column":26},"end":{"line":14,"column":69}},"7":{"start":{"line":15,"column":29},"end":{"line":15,"column":61}},"8":{"start":{"line":17,"column":12},"end":{"line":39,"column":13}},"9":{"start":{"line":19,"column":27},"end":{"line":19,"column":55}},"10":{"start":{"line":20,"column":32},"end":{"line":20,"column":60}},"11":{"start":{"line":21,"column":34},"end":{"line":21,"column":62}},"12":{"start":{"line":22,"column":33},"end":{"line":22,"column":61}},"13":{"start":{"line":23,"column":31},"end":{"line":23,"column":63}},"14":{"start":{"line":26,"column":16},"end":{"line":26,"column":42}},"15":{"start":{"line":27,"column":16},"end":{"line":27,"column":46}},"16":{"start":{"line":28,"column":16},"end":{"line":28,"column":61}},"17":{"start":{"line":29,"column":16},"end":{"line":29,"column":46}},"18":{"start":{"line":32,"column":16},"end":{"line":32,"column":39}},"19":{"start":{"line":33,"column":16},"end":{"line":33,"column":41}},"20":{"start":{"line":34,"column":16},"end":{"line":34,"column":44}},"21":{"start":{"line":35,"column":16},"end":{"line":35,"column":40}},"22":{"start":{"line":36,"column":16},"end":{"line":36,"column":48}},"23":{"start":{"line":37,"column":16},"end":{"line":37,"column":96}},"24":{"start":{"line":37,"column":55},"end":{"line":37,"column":95}},"25":{"start":{"line":45,"column":30},"end":{"line":45,"column":71}},"26":{"start":{"line":46,"column":8},"end":{"line":46,"column":35}},"27":{"start":{"line":46,"column":28},"end":{"line":46,"column":35}},"28":{"start":{"line":48,"column":23},"end":{"line":48,"column":37}},"29":{"start":{"line":49,"column":8},"end":{"line":53,"column":9}},"30":{"start":{"line":50,"column":12},"end":{"line":50,"column":42}},"31":{"start":{"line":52,"column":12},"end":{"line":52,"column":42}},"32":{"start":{"line":54,"column":8},"end":{"line":54,"column":32}},"33":{"start":{"line":59,"column":27},"end":{"line":59,"column":62}},"34":{"start":{"line":60,"column":27},"end":{"line":60,"column":71}},"35":{"start":{"line":62,"column":8},"end":{"line":76,"column":9}},"36":{"start":{"line":63,"column":30},"end":{"line":63,"column":53}},"37":{"start":{"line":64,"column":12},"end":{"line":75,"column":13}},"38":{"start":{"line":65,"column":16},"end":{"line":65,"column":45}},"39":{"start":{"line":69,"column":16},"end":{"line":73,"column":17}},"40":{"start":{"line":70,"column":20},"end":{"line":70,"column":47}},"41":{"start":{"line":72,"column":20},"end":{"line":72,"column":49}},"42":{"start":{"line":74,"column":16},"end":{"line":74,"column":68}},"43":{"start":{"line":81,"column":8},"end":{"line":81,"column":27}},"44":{"start":{"line":81,"column":21},"end":{"line":81,"column":27}},"45":{"start":{"line":82,"column":29},"end":{"line":82,"column":68}},"46":{"start":{"line":83,"column":8},"end":{"line":83,"column":44}},"47":{"start":{"line":84,"column":8},"end":{"line":84,"column":40}}},"fnMap":{"0":{"name":"(anonymous_0)","decl":{"start":{"line":6,"column":4},"end":{"line":6,"column":30}},"loc":{"start":{"line":6,"column":46},"end":{"line":41,"column":5}}},"1":{"name":"(anonymous_1)","decl":{"start":{"line":37,"column":49},"end":{"line":37,"column":50}},"loc":{"start":{"line":37,"column":55},"end":{"line":37,"column":95}}},"2":{"name":"(anonymous_2)","decl":{"start":{"line":44,"column":5},"end":{"line":44,"column":25}},"loc":{"start":{"line":44,"column":41},"end":{"line":55,"column":5}}},"3":{"name":"(anonymous_3)","decl":{"start":{"line":58,"column":4},"end":{"line":58,"column":21}},"loc":{"start":{"line":58,"column":24},"end":{"line":77,"column":5}}},"4":{"name":"(anonymous_4)","decl":{"start":{"line":80,"column":4},"end":{"line":80,"column":22}},"loc":{"start":{"line":80,"column":32},"end":{"line":85,"column":5}}}},"branchMap":{"0":{"loc":{"start":{"line":9,"column":8},"end":{"line":9,"column":34}},"type":"if","locations":[{"start":{"line":9,"column":8},"end":{"line":9,"column":34}},{"start":{"line":9,"column":8},"end":{"line":9,"column":34}}]},"1":{"loc":{"start":{"line":10,"column":8},"end":{"line":10,"column":27}},"type":"if","locations":[{"start":{"line":10,"column":8},"end":{"line":10,"column":27}},{"start":{"line":10,"column":8},"end":{"line":10,"column":27}}]},"2":{"loc":{"start":{"line":12,"column":8},"end":{"line":40,"column":9}},"type":"if","locations":[{"start":{"line":12,"column":8},"end":{"line":40,"column":9}},{"start":{"line":12,"column":8},"end":{"line":40,"column":9}}]},"3":{"loc":{"start":{"line":12,"column":12},"end":{"line":12,"column":64}},"type":"binary-expr","locations":[{"start":{"line":12,"column":12},"end":{"line":12,"column":28}},{"start":{"line":12,"column":32},"end":{"line":12,"column":64}}]},"4":{"loc":{"start":{"line":46,"column":8},"end":{"line":46,"column":35}},"type":"if","locations":[{"start":{"line":46,"column":8},"end":{"line":46,"column":35}},{"start":{"line":46,"column":8},"end":{"line":46,"column":35}}]},"5":{"loc":{"start":{"line":49,"column":8},"end":{"line":53,"column":9}},"type":"if","locations":[{"start":{"line":49,"column":8},"end":{"line":53,"column":9}},{"start":{"line":51,"column":15},"end":{"line":53,"column":9}}]},"6":{"loc":{"start":{"line":64,"column":12},"end":{"line":75,"column":13}},"type":"if","locations":[{"start":{"line":64,"column":12},"end":{"line":75,"column":13}},{"start":{"line":66,"column":19},"end":{"line":75,"column":13}}]},"7":{"loc":{"start":{"line":69,"column":16},"end":{"line":73,"column":17}},"type":"if","locations":[{"start":{"line":69,"column":16},"end":{"line":73,"column":17}},{"start":{"line":71,"column":23},"end":{"line":73,"column":17}}]},"8":{"loc":{"start":{"line":81,"column":8},"end":{"line":81,"column":27}},"type":"if","locations":[{"start":{"line":81,"column":8},"end":{"line":81,"column":27}},{"start":{"line":81,"column":8},"end":{"line":81,"column":27}}]}},"s":{"0":4,"1":4,"2":1,"3":3,"4":1,"5":2,"6":2,"7":2,"8":2,"9":4,"10":4,"11":4,"12":4,"13":4,"14":4,"15":4,"16":4,"17":4,"18":4,"19":4,"20":4,"21":4,"22":4,"23":4,"24":0,"25":0,"26":0,"27":0,"28":0,"29":0,"30":0,"31":0,"32":0,"33":4,"34":4,"35":4,"36":12,"37":12,"38":1,"39":11,"40":1,"41":10,"42":11,"43":0,"44":0,"45":0,"46":0,"47":0},"f":{"0":4,"1":0,"2":0,"3":4,"4":0},"b":{"0":[1,3],"1":[1,2],"2":[2,0],"3":[2,0],"4":[0,0],"5":[0,0],"6":[1,11],"7":[1,10],"8":[0,0]}}
,"C:/Users/oumar/Desktop/Xarala cours/projet 3/application de gestion budjet/js/storage.js": {"path":"C:/Users/oumar/Desktop/Xarala cours/projet 3/application de gestion budjet/js/storage.js","statementMap":{"0":{"start":{"line":6,"column":8},"end":{"line":6,"column":56}},"1":{"start":{"line":10,"column":8},"end":{"line":13,"column":9}},"2":{"start":{"line":11,"column":29},"end":{"line":11,"column":72}},"3":{"start":{"line":12,"column":12},"end":{"line":12,"column":38}},"4":{"start":{"line":14,"column":8},"end":{"line":14,"column":59}}},"fnMap":{"0":{"name":"(anonymous_0)","decl":{"start":{"line":5,"column":4},"end":{"line":5,"column":25}},"loc":{"start":{"line":5,"column":38},"end":{"line":7,"column":5}}},"1":{"name":"(anonymous_1)","decl":{"start":{"line":9,"column":4},"end":{"line":9,"column":28}},"loc":{"start":{"line":9,"column":35},"end":{"line":15,"column":5}}}},"branchMap":{"0":{"loc":{"start":{"line":10,"column":8},"end":{"line":13,"column":9}},"type":"if","locations":[{"start":{"line":10,"column":8},"end":{"line":13,"column":9}},{"start":{"line":10,"column":8},"end":{"line":13,"column":9}}]},"1":{"loc":{"start":{"line":11,"column":29},"end":{"line":11,"column":72}},"type":"binary-expr","locations":[{"start":{"line":11,"column":29},"end":{"line":11,"column":67}},{"start":{"line":11,"column":71},"end":{"line":11,"column":72}}]},"2":{"loc":{"start":{"line":14,"column":15},"end":{"line":14,"column":59}},"type":"binary-expr","locations":[{"start":{"line":14,"column":15},"end":{"line":14,"column":53}},{"start":{"line":14,"column":57},"end":{"line":14,"column":59}}]}},"s":{"0":0,"1":26,"2":8,"3":8,"4":18},"f":{"0":0,"1":26},"b":{"0":[8,18],"1":[8,1],"2":[18,3]}}
}
